<?xml version="1.0" encoding="UTF-8"?>
<testng-results skipped="0" failed="0" ignored="0" total="1" passed="1">
  <reporter-output>
  </reporter-output>
  <suite name="Default suite" duration-ms="28144" started-at="2018-03-09T06:33:34Z" finished-at="2018-03-09T06:34:02Z">
    <groups>
    </groups>
    <test name="Default test" duration-ms="28144" started-at="2018-03-09T06:33:34Z" finished-at="2018-03-09T06:34:02Z">
      <class name="com.test.automations.UiPomAutomations.LoginPage.Tc_login">
        <test-method status="PASS" signature="setUp()[pri:0, instance:com.test.automations.UiPomAutomations.LoginPage.Tc_login@553f17c]" name="setUp" is-config="true" duration-ms="22237" started-at="2018-03-08T22:33:34Z" finished-at="2018-03-08T22:33:56Z">
          <reporter-output>
          </reporter-output>
        </test-method> <!-- setUp -->
        <test-method status="PASS" signature="tc_login()[pri:0, instance:com.test.automations.UiPomAutomations.LoginPage.Tc_login@553f17c]" name="tc_login" duration-ms="5421" started-at="2018-03-08T22:33:56Z" finished-at="2018-03-08T22:34:01Z">
          <reporter-output>
          </reporter-output>
        </test-method> <!-- tc_login -->
        <test-method status="PASS" signature="endTest()[pri:0, instance:com.test.automations.UiPomAutomations.LoginPage.Tc_login@553f17c]" name="endTest" is-config="true" duration-ms="452" started-at="2018-03-08T22:34:01Z" finished-at="2018-03-08T22:34:02Z">
          <reporter-output>
          </reporter-output>
        </test-method> <!-- endTest -->
      </class> <!-- com.test.automations.UiPomAutomations.LoginPage.Tc_login -->
    </test> <!-- Default test -->
  </suite> <!-- Default suite -->
</testng-results>
